TN:
SF:02-ratelimitter.js
FN:20,rateLimiter
FNF:1
FNH:1
FNDA:13,rateLimiter
DA:1,1
DA:2,1
DA:3,1
DA:4,1
DA:5,1
DA:6,1
DA:7,1
DA:8,1
DA:9,1
DA:10,1
DA:11,1
DA:12,1
DA:13,1
DA:14,1
DA:15,1
DA:16,1
DA:17,2
DA:18,1
DA:19,1
DA:20,13
DA:21,13
DA:22,13
DA:23,13
DA:24,11
DA:25,11
DA:26,11
DA:27,7
DA:28,7
DA:29,4
DA:30,4
DA:31,4
DA:32,11
DA:33,2
DA:34,2
DA:35,2
DA:36,2
DA:37,13
DA:38,1
DA:39,1
DA:40,1
DA:41,1
DA:42,6
DA:43,6
DA:44,1
DA:45,1
DA:46,1
DA:47,0
DA:48,1
DA:49,1
DA:50,1
DA:51,1
DA:52,1
DA:53,1
DA:54,1
LF:54
LH:53
BRDA:16,0,0,2
BRDA:20,1,0,13
BRDA:23,2,0,11
BRDA:26,3,0,7
BRDA:29,4,0,4
BRDA:33,5,0,2
BRDA:41,6,0,6
BRF:7
BRH:7
end_of_record
